INFO:root:Requested pressure level: 250 hPa
INFO:root:Requested temporal frequency: month
INFO:root:Model data type: era5
INFO:root:Input data file: input_files/era5_2006_month.nc
INFO:root:Calculating Principal Components
INFO:root:Creating Figures
INFO:root:Writing metadata file
INFO:root:Requested pressure level: 250 hPa
INFO:root:Requested temporal frequency: daily
INFO:root:Model data type: era5
INFO:root:Input data file: /global/homes/a/awinters/NPJphase/input_files/era5_2006_daily.nc
INFO:root:Calculating Principal Components
INFO:root:Creating Figures
INFO:root:Writing Metadata File
INFO:root:Requested pressure level: 250 hPa
INFO:root:Requested temporal frequency: daily
INFO:root:Model data type: era5
INFO:root:Input data file: /global/homes/a/awinters/NPJphase/input_files/era5_2006_daily.nc
INFO:root:Calculating Principal Components
INFO:root:Creating Figures
INFO:root:Writing Metadata File
INFO:root:Requested pressure level: 250 hPa
INFO:root:Requested temporal frequency: daily
INFO:root:Model data type: era5
INFO:root:Input data file: /global/homes/a/awinters/NPJphase/input_files/era5_2006_daily.nc
INFO:root:Calculating Principal Components
INFO:root:Creating Figures
INFO:root:Writing Metadata File
INFO:root:Requested pressure level: 250 hPa
INFO:root:Requested temporal frequency: daily
INFO:root:Model data type: era5
INFO:root:Input data file: /global/homes/a/awinters/NPJphase/input_files/era5_2006_daily.nc
INFO:root:Calculating Principal Components
INFO:root:Creating Figures
INFO:root:Writing Metadata File
